<?xml version="1.0" encoding="UTF-8"?>
<!-- Generated by org.testng.reporters.JUnitXMLReporter -->
<testsuite ignored="0" hostname="DESKTOP-8GT2UO7" failures="0" tests="3" name="Default test" time="0.096" errors="0" timestamp="2021-04-07T16:47:03 IST">
  <testcase classname="BasicNg.DemoTestng" name="GoogleLogoTest" time="0.024"/>
  <testcase classname="BasicNg.DemoTestng" name="SearchTest" time="0.001"/>
  <testcase classname="BasicNg.DemoTestng" name="googleTitleTest" time="0.001"/>
</testsuite> <!-- Default test -->
