<?xml version="1.0" encoding="UTF-8"?>
<testng-results ignored="0" total="1" passed="1" failed="0" skipped="0">
  <reporter-output>
  </reporter-output>
  <suite started-at="2021-04-10T07:58:33 IST" name="Default suite" finished-at="2021-04-10T07:58:56 IST" duration-ms="22430">
    <groups>
    </groups>
    <test started-at="2021-04-10T07:58:33 IST" name="Default test" finished-at="2021-04-10T07:58:56 IST" duration-ms="22430">
      <class name="com.DataDriven.EbayTest">
        <test-method is-config="true" signature="setUp()[pri:0, instance:com.DataDriven.EbayTest@355ce81c]" started-at="2021-04-10T07:58:33 IST" name="setUp" finished-at="2021-04-10T07:58:53 IST" duration-ms="19922" status="PASS">
          <reporter-output>
          </reporter-output>
        </test-method> <!-- setUp -->
        <test-method signature="ebayRegistrationPage()[pri:0, instance:com.DataDriven.EbayTest@355ce81c]" started-at="2021-04-10T07:58:53 IST" name="ebayRegistrationPage" finished-at="2021-04-10T07:58:53 IST" duration-ms="20" status="PASS">
          <reporter-output>
          </reporter-output>
        </test-method> <!-- ebayRegistrationPage -->
        <test-method is-config="true" signature="tearDown()[pri:0, instance:com.DataDriven.EbayTest@355ce81c]" started-at="2021-04-10T07:58:53 IST" name="tearDown" finished-at="2021-04-10T07:58:56 IST" duration-ms="2426" status="PASS">
          <reporter-output>
          </reporter-output>
        </test-method> <!-- tearDown -->
      </class> <!-- com.DataDriven.EbayTest -->
    </test> <!-- Default test -->
  </suite> <!-- Default suite -->
</testng-results>
